0 info it worked if it ends with ok
1 verbose cli [ 'C:\\Program Files\\nodejs\\node.exe',
1 verbose cli   'C:\\Program Files\\nodejs\\node_modules\\npm\\bin\\npm-cli.js',
1 verbose cli   'run',
1 verbose cli   'test' ]
2 info using npm@3.10.9
3 info using node@v6.9.2
4 verbose run-script [ 'pretest', 'test', 'posttest' ]
5 info lifecycle hellojs@1.14.0~pretest: hellojs@1.14.0
6 silly lifecycle hellojs@1.14.0~pretest: no script for pretest, continuing
7 info lifecycle hellojs@1.14.0~test: hellojs@1.14.0
8 verbose lifecycle hellojs@1.14.0~test: unsafe-perm in lifecycle true
9 verbose lifecycle hellojs@1.14.0~test: PATH: C:\Program Files\nodejs\node_modules\npm\bin\node-gyp-bin;C:\dev\sandbox\hello.js\node_modules\.bin;C:\Users\estyn\OneDrive\cmder\bin;C:\Users\estyn\OneDrive\cmder\vendor\conemu-maximus5\ConEmu\Scripts;C:\Users\estyn\OneDrive\cmder\bin;C:\Users\estyn\OneDrive\cmder\vendor\conemu-maximus5\ConEmu\Scripts;C:\Users\estyn\OneDrive\cmder\vendor\conemu-maximus5;C:\Users\estyn\OneDrive\cmder\vendor\conemu-maximus5\ConEmu;C:\Program Files (x86)\Intel\iCLS Client\;C:\Program Files\Intel\iCLS Client\;C:\WINDOWS\system32;C:\WINDOWS;C:\WINDOWS\System32\Wbem;C:\WINDOWS\System32\WindowsPowerShell\v1.0\;C:\Program Files\Microsoft SQL Server\130\Tools\Binn\;C:\Program Files\Git\cmd;C:\Program Files\Microsoft SQL Server\Client SDK\ODBC\130\Tools\Binn\;C:\Program Files (x86)\Microsoft SQL Server\130\Tools\Binn\;C:\Program Files\Microsoft SQL Server\130\DTS\Binn\;C:\Program Files (x86)\Microsoft SQL Server\Client SDK\ODBC\130\Tools\Binn\;C:\Program Files (x86)\Microsoft SQL Server\140\Tools\Binn\;C:\Program Files (x86)\Microsoft SQL Server\140\DTS\Binn\;C:\Program Files (x86)\Microsoft SQL Server\140\Tools\Binn\ManagementStudio\;C:\Program Files\nodejs\;C:\Program Files (x86)\Intel\Intel(R) Management Engine Components\DAL;C:\Program Files\Intel\Intel(R) Management Engine Components\DAL;C:\Program Files (x86)\Intel\Intel(R) Management Engine Components\IPT;C:\Program Files\Intel\Intel(R) Management Engine Components\IPT;C:\Program Files\dotnet\;C:\Program Files (x86)\Windows Kits\10\Windows Performance Toolkit\;C:\Program Files\Intel\WiFi\bin\;C:\Program Files\Common Files\Intel\WirelessCommon\;C:\Program Files (x86)\Yarn\bin;;C:\Program Files (x86)\Microsoft VS Code\bin;C:\Users\estyn\AppData\Local\Microsoft\WindowsApps;c:\Program Files\Intel\WiFi\bin\;c:\Program Files\Common Files\Intel\WirelessCommon\;C:\Users\estyn\AppData\Roaming\npm;C:\Users\estyn\AppData\Local\Yarn\.bin;C:\Program Files\Git\usr\bin;C:\Program Files\Git\usr\share\vim\vim74;C:\Users\estyn\OneDrive\cmder\;C:\Program Files\Git\usr\bin;C:\Program Files\Git\usr\share\vim\vim74;C:\Users\estyn\OneDrive\cmder\
10 verbose lifecycle hellojs@1.14.0~test: CWD: C:\dev\sandbox\hello.js
11 silly lifecycle hellojs@1.14.0~test: Args: [ '/d /s /c', 'grunt test && npm run test:browserstack' ]
12 silly lifecycle hellojs@1.14.0~test: Returned: code: 3  signal: null
13 info lifecycle hellojs@1.14.0~test: Failed to exec test script
14 verbose stack Error: hellojs@1.14.0 test: `grunt test && npm run test:browserstack`
14 verbose stack Exit status 3
14 verbose stack     at EventEmitter.<anonymous> (C:\Program Files\nodejs\node_modules\npm\lib\utils\lifecycle.js:255:16)
14 verbose stack     at emitTwo (events.js:106:13)
14 verbose stack     at EventEmitter.emit (events.js:191:7)
14 verbose stack     at ChildProcess.<anonymous> (C:\Program Files\nodejs\node_modules\npm\lib\utils\spawn.js:40:14)
14 verbose stack     at emitTwo (events.js:106:13)
14 verbose stack     at ChildProcess.emit (events.js:191:7)
14 verbose stack     at maybeClose (internal/child_process.js:877:16)
14 verbose stack     at Process.ChildProcess._handle.onexit (internal/child_process.js:226:5)
15 verbose pkgid hellojs@1.14.0
16 verbose cwd C:\dev\sandbox\hello.js
17 error Windows_NT 10.0.14393
18 error argv "C:\\Program Files\\nodejs\\node.exe" "C:\\Program Files\\nodejs\\node_modules\\npm\\bin\\npm-cli.js" "run" "test"
19 error node v6.9.2
20 error npm  v3.10.9
21 error code ELIFECYCLE
22 error hellojs@1.14.0 test: `grunt test && npm run test:browserstack`
22 error Exit status 3
23 error Failed at the hellojs@1.14.0 test script 'grunt test && npm run test:browserstack'.
23 error Make sure you have the latest version of node.js and npm installed.
23 error If you do, this is most likely a problem with the hellojs package,
23 error not with npm itself.
23 error Tell the author that this fails on your system:
23 error     grunt test && npm run test:browserstack
23 error You can get information on how to open an issue for this project with:
23 error     npm bugs hellojs
23 error Or if that isn't available, you can get their info via:
23 error     npm owner ls hellojs
23 error There is likely additional logging output above.
24 verbose exit [ 1, true ]
